<?xml version="1.0" encoding="UTF-8"?>
<testng-results total="3" passed="3" failed="0" skipped="0">
  <reporter-output>
  </reporter-output>
  <suite started-at="2023-02-03T14:06:14Z" name="Default suite" finished-at="2023-02-03T14:06:15Z" duration-ms="1834">
    <groups>
    </groups>
    <test started-at="2023-02-03T14:06:14Z" name="Default test" finished-at="2023-02-03T14:06:15Z" duration-ms="1834">
      <class name="NewTest">
        <test-method is-config="true" signature="beforeTest()[pri:0, instance:NewTest@2f1de2d6]" started-at="2023-02-03T22:06:14Z" name="beforeTest" finished-at="2023-02-03T22:06:14Z" duration-ms="818" status="PASS">
          <reporter-output>
          </reporter-output>
        </test-method> <!-- beforeTest -->
        <test-method signature="checkAddButtonId()[pri:0, instance:NewTest@2f1de2d6]" started-at="2023-02-03T22:06:14Z" name="checkAddButtonId" finished-at="2023-02-03T22:06:15Z" duration-ms="547" status="PASS">
          <reporter-output>
          </reporter-output>
        </test-method> <!-- checkAddButtonId -->
        <test-method signature="checkAddProduct()[pri:0, instance:NewTest@2f1de2d6]" started-at="2023-02-03T22:06:15Z" name="checkAddProduct" finished-at="2023-02-03T22:06:15Z" duration-ms="397" status="PASS">
          <reporter-output>
          </reporter-output>
        </test-method> <!-- checkAddProduct -->
        <test-method signature="checkTitle()[pri:0, instance:NewTest@2f1de2d6]" started-at="2023-02-03T22:06:15Z" name="checkTitle" finished-at="2023-02-03T22:06:15Z" duration-ms="59" status="PASS">
          <reporter-output>
          </reporter-output>
        </test-method> <!-- checkTitle -->
        <test-method is-config="true" signature="afterTest()[pri:0, instance:NewTest@2f1de2d6]" started-at="2023-02-03T22:06:15Z" name="afterTest" finished-at="2023-02-03T22:06:15Z" duration-ms="0" status="PASS">
          <reporter-output>
          </reporter-output>
        </test-method> <!-- afterTest -->
      </class> <!-- NewTest -->
    </test> <!-- Default test -->
  </suite> <!-- Default suite -->
</testng-results>
