<?xml version="1.0" encoding="UTF-8"?>
<testng-results ignored="0" total="1" passed="1" failed="0" skipped="0">
  <reporter-output>
  </reporter-output>
  <suite started-at="2023-02-05T01:05:42 SGT" name="Default suite" finished-at="2023-02-05T01:05:45 SGT" duration-ms="2944">
    <groups>
    </groups>
    <test started-at="2023-02-05T01:05:42 SGT" name="Default test" finished-at="2023-02-05T01:05:45 SGT" duration-ms="2944">
      <class name="NewTest2">
        <test-method is-config="true" signature="beforeTest()[pri:0, instance:NewTest2@40cb8df7]" started-at="2023-02-05T01:05:42 SGT" name="beforeTest" finished-at="2023-02-05T01:05:44 SGT" duration-ms="2302" status="PASS">
          <reporter-output>
          </reporter-output>
        </test-method> <!-- beforeTest -->
        <test-method signature="checkTitle()[pri:0, instance:NewTest2@40cb8df7]" started-at="2023-02-05T01:05:44 SGT" name="checkTitle" finished-at="2023-02-05T01:05:45 SGT" duration-ms="552" status="PASS">
          <reporter-output>
          </reporter-output>
        </test-method> <!-- checkTitle -->
        <test-method is-config="true" signature="afterTest()[pri:0, instance:NewTest2@40cb8df7]" started-at="2023-02-05T01:05:45 SGT" name="afterTest" finished-at="2023-02-05T01:05:45 SGT" duration-ms="0" status="PASS">
          <reporter-output>
          </reporter-output>
        </test-method> <!-- afterTest -->
      </class> <!-- NewTest2 -->
    </test> <!-- Default test -->
  </suite> <!-- Default suite -->
</testng-results>
